<?xml version="1.0" encoding="UTF-8"?>
<!-- Generated by org.testng.reporters.JUnitReportReporter -->
<testsuite hostname="LAPTOP-17SONVH7" failures="0" tests="2" name="com.ecom.webapp.application" time="70.677" errors="0" timestamp="2022-10-01T11:06:56 IST" skipped="0">
  <testcase classname="com.ecom.webapp.application" name="register" time="41.537"/>
  <system-out/>
  <testcase classname="com.ecom.webapp.application" name="login" time="29.140"/>
  <system-out/>
</testsuite> <!-- com.ecom.webapp.application -->
