<?xml version="1.0" encoding="UTF-8"?>
<!-- Generated by org.testng.reporters.JUnitReportReporter -->
<testsuite hostname="LAPTOP-17SONVH7" failures="0" tests="3" name="loanapplication.PersonalLoanApplicationTests" time="0.032" errors="0" timestamp="2022-09-28T10:04:11 IST" skipped="0">
  <testcase classname="loanapplication.PersonalLoanApplicationTests" name="PersonalLoanLoginWeb" time="0.004"/>
  <system-out/>
  <testcase classname="loanapplication.PersonalLoanApplicationTests" name="PersonalLoanLoginAPI" time="0.025"/>
  <system-out/>
  <testcase classname="loanapplication.PersonalLoanApplicationTests" name="PersonalLoanLoginMobile" time="0.003"/>
  <system-out/>
</testsuite> <!-- loanapplication.PersonalLoanApplicationTests -->
