<?xml version="1.0" encoding="UTF-8"?>
<!-- Generated by org.testng.reporters.JUnitReportReporter -->
<testsuite hostname="LAPTOP-17SONVH7" failures="0" tests="3" name="loanapplication.HomeLoanApplicationTests" time="0.040" errors="0" timestamp="2022-09-28T09:36:17 IST" skipped="1">
  <testcase classname="loanapplication.HomeLoanApplicationTests" name="APIHomeLoan" time="0.032"/>
  <system-out/>
  <testcase classname="loanapplication.HomeLoanApplicationTests" name="MobileHomeLoan" time="0.008"/>
  <system-out/>
  <testcase classname="loanapplication.HomeLoanApplicationTests" name="WebHomeLoan">
    <skipped/>
  </testcase> <!-- WebHomeLoan -->
  <system-out/>
</testsuite> <!-- loanapplication.HomeLoanApplicationTests -->
