<?xml version="1.0" encoding="UTF-8"?>
<!-- Generated by org.testng.reporters.JUnitReportReporter -->
<testsuite hostname="LAPTOP-17SONVH7" failures="0" tests="3" name="loanapplication.CarLoanApplicationTests" time="0.028" errors="0" timestamp="2022-09-28T09:36:17 IST" skipped="0">
  <testcase classname="loanapplication.CarLoanApplicationTests" name="CarLoanLoginAPI" time="0.005"/>
  <system-out/>
  <testcase classname="loanapplication.CarLoanApplicationTests" name="CarLoanLoginMobile" time="0.004"/>
  <system-out/>
  <testcase classname="loanapplication.CarLoanApplicationTests" name="CarLoanLoginWeb" time="0.019"/>
  <system-out/>
</testsuite> <!-- loanapplication.CarLoanApplicationTests -->
